# JRE version: Java(TM) SE Runtime Environment (8.0_11-b12) (build 1.8.0_11-b12)
# Java VM: Java HotSpot(TM) 64-Bit Server VM (25.11-b03 mixed mode windows-amd64 compressed oops)
Heap:
 PSYoungGen      total 213504K, used 191039K [0x00000000eab00000, 0x00000000fb500000, 0x0000000100000000)
  eden space 181760K, 87% used [0x00000000eab00000,0x00000000f46905f8,0x00000000f5c80000)
  from space 31744K, 99% used [0x00000000f8000000,0x00000000f9eff7b0,0x00000000f9f00000)
  to   space 36352K, 0% used [0x00000000f5c80000,0x00000000f5c80000,0x00000000f8000000)
 ParOldGen       total 155648K, used 134071K [0x00000000c0000000, 0x00000000c9800000, 0x00000000eab00000)
  object space 155648K, 86% used [0x00000000c0000000,0x00000000c82edd70,0x00000000c9800000)
 Metaspace       used 152420K, capacity 161404K, committed 161792K, reserved 1187840K
  class space    used 20834K, capacity 23845K, committed 24064K, reserved 1048576K
GC Heap History (10 events):
Event: 24719.857 GC heap before
{Heap before GC invocations=135 (full 25):
 PSYoungGen      total 205824K, used 169984K [0x00000000eab00000, 0x00000000fa100000, 0x0000000100000000)
  eden space 169984K, 100% used [0x00000000eab00000,0x00000000f5100000,0x00000000f5100000)
  from space 35840K, 0% used [0x00000000f5100000,0x00000000f5100000,0x00000000f7400000)
  to   space 34304K, 0% used [0x00000000f7f80000,0x00000000f7f80000,0x00000000fa100000)
 ParOldGen       total 131072K, used 125266K [0x00000000c0000000, 0x00000000c8000000, 0x00000000eab00000)
  object space 131072K, 95% used [0x00000000c0000000,0x00000000c7a54ae0,0x00000000c8000000)
 Metaspace       used 138078K, capacity 145187K, committed 147200K, reserved 1175552K
  class space    used 18629K, capacity 21045K, committed 21760K, reserved 1048576K
Event: 24724.141 GC heap after
Heap after GC invocations=135 (full 25):
 PSYoungGen      total 218624K, used 18218K [0x00000000eab00000, 0x00000000fa200000, 0x0000000100000000)
  eden space 184320K, 0% used [0x00000000eab00000,0x00000000eab00000,0x00000000f5f00000)
  from space 34304K, 53% used [0x00000000f7f80000,0x00000000f914ab38,0x00000000fa100000)
  to   space 33280K, 0% used [0x00000000f5f00000,0x00000000f5f00000,0x00000000f7f80000)
 ParOldGen       total 131072K, used 125266K [0x00000000c0000000, 0x00000000c8000000, 0x00000000eab00000)
  object space 131072K, 95% used [0x00000000c0000000,0x00000000c7a54ae0,0x00000000c8000000)
 Metaspace       used 138078K, capacity 145187K, committed 147200K, reserved 1175552K
  class space    used 18629K, capacity 21045K, committed 21760K, reserved 1048576K
}
Event: 24733.187 GC heap before
{Heap before GC invocations=136 (full 25):
 PSYoungGen      total 218624K, used 79423K [0x00000000eab00000, 0x00000000fa200000, 0x0000000100000000)
  eden space 184320K, 33% used [0x00000000eab00000,0x00000000ee6c53d8,0x00000000f5f00000)
  from space 34304K, 53% used [0x00000000f7f80000,0x00000000f914ab38,0x00000000fa100000)
  to   space 33280K, 0% used [0x00000000f5f00000,0x00000000f5f00000,0x00000000f7f80000)
 ParOldGen       total 131072K, used 125266K [0x00000000c0000000, 0x00000000c8000000, 0x00000000eab00000)
  object space 131072K, 95% used [0x00000000c0000000,0x00000000c7a54ae0,0x00000000c8000000)
 Metaspace       used 139911K, capacity 147132K, committed 148992K, reserved 1175552K
  class space    used 18928K, capacity 21346K, committed 22016K, reserved 1048576K
Event: 24736.934 GC heap after
Heap after GC invocations=136 (full 25):
 PSYoungGen      total 217600K, used 20030K [0x00000000eab00000, 0x00000000f9f00000, 0x0000000100000000)
  eden space 184320K, 0% used [0x00000000eab00000,0x00000000eab00000,0x00000000f5f00000)
  from space 33280K, 60% used [0x00000000f5f00000,0x00000000f728faf0,0x00000000f7f80000)
  to   space 31744K, 0% used [0x00000000f8000000,0x00000000f8000000,0x00000000f9f00000)
 ParOldGen       total 131072K, used 125274K [0x00000000c0000000, 0x00000000c8000000, 0x00000000eab00000)
  object space 131072K, 95% used [0x00000000c0000000,0x00000000c7a56ae0,0x00000000c8000000)
 Metaspace       used 139911K, capacity 147132K, committed 148992K, reserved 1175552K
  class space    used 18928K, capacity 21346K, committed 22016K, reserved 1048576K
}
Event: 24736.934 GC heap before
{Heap before GC invocations=137 (full 26):
 PSYoungGen      total 217600K, used 20030K [0x00000000eab00000, 0x00000000f9f00000, 0x0000000100000000)
  eden space 184320K, 0% used [0x00000000eab00000,0x00000000eab00000,0x00000000f5f00000)
  from space 33280K, 60% used [0x00000000f5f00000,0x00000000f728faf0,0x00000000f7f80000)
  to   space 31744K, 0% used [0x00000000f8000000,0x00000000f8000000,0x00000000f9f00000)
 ParOldGen       total 131072K, used 125274K [0x00000000c0000000, 0x00000000c8000000, 0x00000000eab00000)
  object space 131072K, 95% used [0x00000000c0000000,0x00000000c7a56ae0,0x00000000c8000000)
 Metaspace       used 139911K, capacity 147132K, committed 148992K, reserved 1175552K
  class space    used 18928K, capacity 21346K, committed 22016K, reserved 1048576K
Event: 24738.202 GC heap after
Heap after GC invocations=137 (full 26):
 PSYoungGen      total 217600K, used 11979K [0x00000000eab00000, 0x00000000f9f00000, 0x0000000100000000)
  eden space 184320K, 0% used [0x00000000eab00000,0x00000000eab00000,0x00000000f5f00000)
  from space 33280K, 35% used [0x00000000f5f00000,0x00000000f6ab2c80,0x00000000f7f80000)
  to   space 31744K, 0% used [0x00000000f8000000,0x00000000f8000000,0x00000000f9f00000)
 ParOldGen       total 131072K, used 130733K [0x00000000c0000000, 0x00000000c8000000, 0x00000000eab00000)
  object space 131072K, 99% used [0x00000000c0000000,0x00000000c7fab798,0x00000000c8000000)
 Metaspace       used 139878K, capacity 147018K, committed 148992K, reserved 1175552K
  class space    used 18920K, capacity 21312K, committed 22016K, reserved 1048576K
}
Event: 24778.630 GC heap before
{Heap before GC invocations=138 (full 27):
 PSYoungGen      total 217600K, used 196299K [0x00000000eab00000, 0x00000000f9f00000, 0x0000000100000000)
  eden space 184320K, 100% used [0x00000000eab00000,0x00000000f5f00000,0x00000000f5f00000)
  from space 33280K, 35% used [0x00000000f5f00000,0x00000000f6ab2c80,0x00000000f7f80000)
  to   space 31744K, 0% used [0x00000000f8000000,0x00000000f8000000,0x00000000f9f00000)
 ParOldGen       total 131072K, used 130733K [0x00000000c0000000, 0x00000000c8000000, 0x00000000eab00000)
  object space 131072K, 99% used [0x00000000c0000000,0x00000000c7fab798,0x00000000c8000000)
 Metaspace       used 142838K, capacity 150696K, committed 152320K, reserved 1179648K
  class space    used 19311K, capacity 21970K, committed 22528K, reserved 1048576K
Event: 24783.379 GC heap after
Heap after GC invocations=138 (full 27):
 PSYoungGen      total 217600K, used 19801K [0x00000000eab00000, 0x00000000f9f00000, 0x0000000100000000)
  eden space 184320K, 10% used [0x00000000eab00000,0x00000000ebe567c0,0x00000000f5f00000)
  from space 33280K, 0% used [0x00000000f5f00000,0x00000000f5f00000,0x00000000f7f80000)
  to   space 31744K, 0% used [0x00000000f8000000,0x00000000f8000000,0x00000000f9f00000)
 ParOldGen       total 155648K, used 131066K [0x00000000c0000000, 0x00000000c9800000, 0x00000000eab00000)
  object space 155648K, 84% used [0x00000000c0000000,0x00000000c7ffe9a8,0x00000000c9800000)
 Metaspace       used 142838K, capacity 150696K, committed 152320K, reserved 1179648K
  class space    used 19311K, capacity 21970K, committed 22528K, reserved 1048576K
}
Event: 24796.717 GC heap before
{Heap before GC invocations=139 (full 27):
 PSYoungGen      total 217600K, used 184320K [0x00000000eab00000, 0x00000000f9f00000, 0x0000000100000000)
  eden space 184320K, 100% used [0x00000000eab00000,0x00000000f5f00000,0x00000000f5f00000)
  from space 33280K, 0% used [0x00000000f5f00000,0x00000000f5f00000,0x00000000f7f80000)
  to   space 31744K, 0% used [0x00000000f8000000,0x00000000f8000000,0x00000000f9f00000)
 ParOldGen       total 155648K, used 131066K [0x00000000c0000000, 0x00000000c9800000, 0x00000000eab00000)
  object space 155648K, 84% used [0x00000000c0000000,0x00000000c7ffe9a8,0x00000000c9800000)
 Metaspace       used 146689K, capacity 155157K, committed 155776K, reserved 1181696K
  class space    used 19981K, capacity 22827K, committed 23168K, reserved 1048576K
Event: 24799.269 GC heap after
Heap after GC invocations=139 (full 27):
 PSYoungGen      total 213504K, used 31741K [0x00000000eab00000, 0x00000000fb500000, 0x0000000100000000)
  eden space 181760K, 0% used [0x00000000eab00000,0x00000000eab00000,0x00000000f5c80000)
  from space 31744K, 99% used [0x00000000f8000000,0x00000000f9eff7b0,0x00000000f9f00000)
  to   space 36352K, 0% used [0x00000000f5c80000,0x00000000f5c80000,0x00000000f8000000)
 ParOldGen       total 155648K, used 134071K [0x00000000c0000000, 0x00000000c9800000, 0x00000000eab00000)
  object space 155648K, 86% used [0x00000000c0000000,0x00000000c82edd70,0x00000000c9800000)
 Metaspace       used 146689K, capacity 155157K, committed 155776K, reserved 1181696K
  class space    used 19981K, capacity 22827K, committed 23168K, reserved 1048576K
}

